2023-05-09 10:28:27.755 [main] INFO  c.h.c.e.EmployeeServiceApplication - Starting EmployeeServiceApplication using Java 17.0.6 on LAPTOP-8UE8DKAG with PID 13892 (D:\Bharath\Capstone_repo\HDFC_Capstone\employee-service\bin\main started by 91939 in D:\Bharath\Capstone_repo\HDFC_Capstone\employee-service)
2023-05-09 10:28:27.765 [main] INFO  c.h.c.e.EmployeeServiceApplication - No active profile set, falling back to 1 default profile: "default"
2023-05-09 10:28:28.273 [main] INFO  o.s.d.r.c.RepositoryConfigurationDelegate - Bootstrapping Spring Data JPA repositories in DEFAULT mode.
2023-05-09 10:28:28.319 [main] INFO  o.s.d.r.c.RepositoryConfigurationDelegate - Finished Spring Data repository scanning in 38 ms. Found 1 JPA repository interfaces.
2023-05-09 10:28:28.761 [main] INFO  o.s.b.w.e.tomcat.TomcatWebServer - Tomcat initialized with port(s): 9500 (https)
2023-05-09 10:28:28.772 [main] INFO  o.a.catalina.core.StandardService - Starting service [Tomcat]
2023-05-09 10:28:28.776 [main] INFO  o.a.catalina.core.StandardEngine - Starting Servlet engine: [Apache Tomcat/9.0.74]
2023-05-09 10:28:28.877 [main] INFO  o.a.c.c.C.[Tomcat].[localhost].[/] - Initializing Spring embedded WebApplicationContext
2023-05-09 10:28:28.877 [main] INFO  o.s.b.w.s.c.ServletWebServerApplicationContext - Root WebApplicationContext: initialization completed in 1071 ms
2023-05-09 10:28:29.037 [main] INFO  o.h.jpa.internal.util.LogHelper - HHH000204: Processing PersistenceUnitInfo [name: default]
2023-05-09 10:28:29.096 [main] INFO  org.hibernate.Version - HHH000412: Hibernate ORM core version 5.6.15.Final
2023-05-09 10:28:29.264 [main] INFO  o.h.annotations.common.Version - HCANN000001: Hibernate Commons Annotations {5.1.2.Final}
2023-05-09 10:28:29.353 [main] INFO  com.zaxxer.hikari.HikariDataSource - HikariPool-1 - Starting...
2023-05-09 10:28:29.508 [main] INFO  com.zaxxer.hikari.HikariDataSource - HikariPool-1 - Start completed.
2023-05-09 10:28:29.535 [main] INFO  org.hibernate.dialect.Dialect - HHH000400: Using dialect: org.hibernate.dialect.MySQL55Dialect
2023-05-09 10:28:30.012 [main] INFO  o.h.e.t.j.p.i.JtaPlatformInitiator - HHH000490: Using JtaPlatform implementation: [org.hibernate.engine.transaction.jta.platform.internal.NoJtaPlatform]
2023-05-09 10:28:30.022 [main] INFO  o.s.o.j.LocalContainerEntityManagerFactoryBean - Initialized JPA EntityManagerFactory for persistence unit 'default'
2023-05-09 10:28:30.241 [main] WARN  o.s.b.a.o.j.JpaBaseConfiguration$JpaWebConfiguration - spring.jpa.open-in-view is enabled by default. Therefore, database queries may be performed during view rendering. Explicitly configure spring.jpa.open-in-view to disable this warning
2023-05-09 10:28:30.742 [main] INFO  o.a.t.u.net.NioEndpoint.certificate - Connector [https-jsse-nio-9500], TLS virtual host [_default_], certificate type [UNDEFINED] configured from [file:/D:/Bharath/Capstone_repo/HDFC_Capstone/employee-service/bin/main/keystore.p12] using alias [keystore] and with trust store [null]
2023-05-09 10:28:30.766 [main] INFO  o.s.b.w.e.tomcat.TomcatWebServer - Tomcat started on port(s): 9500 (https) with context path ''
2023-05-09 10:28:30.774 [main] INFO  c.h.c.e.EmployeeServiceApplication - Started EmployeeServiceApplication in 3.301 seconds (JVM running for 4.009)
2023-05-09 10:29:40.567 [https-jsse-nio-9500-exec-5] INFO  o.a.c.c.C.[Tomcat].[localhost].[/] - Initializing Spring DispatcherServlet 'dispatcherServlet'
2023-05-09 10:29:40.567 [https-jsse-nio-9500-exec-5] INFO  o.s.web.servlet.DispatcherServlet - Initializing Servlet 'dispatcherServlet'
2023-05-09 10:29:40.567 [https-jsse-nio-9500-exec-5] INFO  o.s.web.servlet.DispatcherServlet - Completed initialization in 0 ms
2023-05-09 10:29:40.640 [https-jsse-nio-9500-exec-5] INFO  c.h.c.e.c.EmployeeController - getByEmployeeId : 2 called
2023-05-09 10:29:46.056 [https-jsse-nio-9500-exec-3] INFO  c.h.c.e.c.EmployeeController - getByEmployeeId : 3 called
2023-05-09 10:29:50.573 [https-jsse-nio-9500-exec-10] INFO  c.h.c.e.c.EmployeeController - getByEmployeeId : 4 called
2023-05-09 10:30:00.652 [https-jsse-nio-9500-exec-4] INFO  c.h.c.e.c.EmployeeController - getByEmployeeId : 5 called
2023-05-09 10:30:42.599 [https-jsse-nio-9500-exec-4] INFO  c.h.c.e.c.EmployeeController - getByEmployeeId : 1 called
2023-05-09 10:30:48.039 [https-jsse-nio-9500-exec-9] INFO  c.h.c.e.c.EmployeeController - getByEmployeeId : 3 called
2023-05-09 10:30:52.456 [https-jsse-nio-9500-exec-7] INFO  c.h.c.e.c.EmployeeController - getByEmployeeId : 4 called
2023-05-09 10:30:56.184 [https-jsse-nio-9500-exec-6] INFO  c.h.c.e.c.EmployeeController - getByEmployeeId : 5 called
2023-05-09 10:31:57.829 [RMI TCP Connection(7)-127.0.0.1] INFO  o.s.b.a.SpringApplicationAdminMXBeanRegistrar$SpringApplicationAdmin - Application shutdown requested.
2023-05-09 10:31:57.839 [RMI TCP Connection(7)-127.0.0.1] INFO  o.a.catalina.core.StandardService - Stopping service [Tomcat]
2023-05-09 10:31:57.841 [RMI TCP Connection(7)-127.0.0.1] INFO  o.a.c.c.C.[Tomcat].[localhost].[/] - Destroying Spring FrameworkServlet 'dispatcherServlet'
2023-05-09 10:31:57.847 [RMI TCP Connection(7)-127.0.0.1] INFO  o.s.o.j.LocalContainerEntityManagerFactoryBean - Closing JPA EntityManagerFactory for persistence unit 'default'
2023-05-09 10:31:57.848 [RMI TCP Connection(7)-127.0.0.1] INFO  com.zaxxer.hikari.HikariDataSource - HikariPool-1 - Shutdown initiated...
2023-05-09 10:31:57.855 [RMI TCP Connection(7)-127.0.0.1] INFO  com.zaxxer.hikari.HikariDataSource - HikariPool-1 - Shutdown completed.
